=~=~=~=~=~=~=~=~=~=~=~= PuTTY log 2015.09.27 15:32:02 =~=~=~=~=~=~=~=~=~=~=~=
5374617274696E673A00
30303535303000
FFD8FFFE00241D07893C000000000000000000000000000000E0018002130032
120B510451040000FFDB0084000503040404030504040405050506070C080707
07070F0A0B090C110F1212110F111013151B1713141A1410111820181A1C1D1F
1F1F12172224211E241B1E1F1D010505050706070E08080E1D1411141D1D1D1D
1D1D1D1D1D1D1D1D1D1D1D1D1D1D1D1D1D1D1D1D1D1D1D1D1D1D1D1D1D1D1D1D
1D1D1D1D1D1D1D1D1D1D1D1D1D1DFFFE0005000000FFC000110801E002800301
2100021101031101FFC401A20000010501010101010100000000000000000102
030405060708090A0B0100030101010101010101010000000000000102030405
060708090A0B100002010303020403050504040000017D010203000411051221
31410613516107227114328191A1082342B1C11552D1F02433627282090A1617
18191A25262728292A3435363738393A434445464748494A535455565758595A
636465666768696A737475767778797A838485868788898A9293949596979899
9AA2A3A4A5A6A7A8A9AAB2B3B4B5B6B7B8B9BAC2C3C4C5C6C7C8C9CAD2D3D4D5
D6D7D8D9DAE1E2E3E4E5E6E7E8E9EAF1F2F3F4F5F6F7F8F9FA11000201020404
0304070504040001027700010203110405213106124151076171132232810814
4291A1B1C109233352F0156272D10A162434E125F11718191A262728292A3536
3738393A434445464748494A535455765758595A636465666768696A73747576
7778797A82838485868788898A92939495969798999AA2A3A4A5A6A7A8A9AAB2
B3B4B5B6B7B8B9BAC2C3C4C5C6C7C8C9CAD2D3D4D5D6D7D8D9DAE2E3E4E5E6E7
E8E9EAF2F3F4F5F6F7F8F9FAFFDD00040028FFDA000C03010002110311003F00
B29C814A178AF48E20C0C838E69481F953B8D583E82947F3A185C0819CD2EDF6
E2800EA68038A041C678A08C5002D18EF4C62F1DA8FA521001F9D2E314007AD2
8E9EF40C503DB19A31CE280B0B8E68A60183D4F4A70C6293188073C714EC678E
9409863BE28E3F1A02C2E39E94E2290C31C6314B8C9A620C714A0719A005E28A
007738C0E94639A0600734EA040334A050000679029D8228B80A01CE7F4A70E7
B503B8A07B53B1DE90317B1A00C0A00701CD2E2800518ED4E03D2860C5A5C500
18EF4B81DA810A067AD18F6A0654D6605B8D3A68C8EAA7A0AF03D4D755D0759F
ED0B2BCB998C5213B5D8AEEE9C1EB91903F5F539F3318ED2D4F4307B687A0F85
FE25E9D730A2DFE6DD80F9813903F1AEC9E5B3D4AD56EACE78A689FA329CE6BC
4AD49C5DCF569CD3D19E77E35B692CEDAE2188B22C837214E369C83D3FA571DE
15F13B4307F676A6D249B3003B316238F7FF00F5F73CE6B687BF0B194EEA4747
7FF67D46D0AC72296EAAC3AAD61E9DAA4C09B0BF044E836E492770EC727DAB34
BA14753F0AAD3CEF181762BE4C3097C11DFD07D79FCABB1F1CDE440C913E0AB7
5E78C5725777A88F430DA419E09ADCFE55EC898E0376358173724B93DC57A145
5D1CB52562AE99A9C90EAE93EE6DA78233C76EDF87F3F535EDBE18F105A6B280
ACD1A4D6F12F9B1B3053D300807AF4ED4F130BA5638E152EF53CBFE2BEC97C52
D731B2949E35202E382BC1FE43AD726A01CF435BD0FE1A31ACBDFB9E89E08B83
A2F832E7516E1A56F332476040000C7233F9D71123CF7370F2B6F792462719DD
C93D3D4D443E3721C9DA0A27FFD0B600C67AD28AF48E341C638A3D280B81C52E
066980A7AD140C07A628E3BD02147146066810847A528E3D6818BDA802806291
473480314BDA9809DE9C05002F4C9A41D73400EC6452E318A0031CFB529EB400
629D8E2806033E94500281473400BCE39A5C62801783D29D8E2800ED4B8CD031
769A3140850BC5388A004C5380E2818A29DF8520170697AF4A0075046462801C
148E94A0734085C718A50281860D387BD0C03BD2E0FA5020C7AD28CF340C475D
D1B29EE315E69E29BC82C2F66B4BFD37ED7130E46C2DB87A74AF371F0BC4EDC1
4AD2B1E65E24D0AFED58DF5A69D2C56ADCA1543C63AF18A8FC17E31BEF0B6A4C
FB59ED64E2E213C06C64E47BE4D704546A46C77CAF1773D52E356D27C59A3810
30F39B061208E1B2339CF4E322BC47C43283ABC81624465201DA31BB1C67EB81
58D083849A66B39271B92691AADD69EE1A127CA38DC9D07BD6EDEDC43AA5B0B8
80F977317CC06DE5BA71FD6AEA42CEE888B3D3BE05625B1BBBBB90242542A16F
50466A1F890CC0B3A92149EB5E5D4B7B53D7A0BF7478BEB0D21BA6638F4FF1AC
4B9C827920B75FD2BD4A2EC79988D0A16EDB6656CF423F9D6EEB17315BDD69D7
560C1248949DEA070C0F5C7D0E3DF9AE892E63923B323D7248A4480290F2FCCC
4EFDD8C9F5E7D0FE959A57E603049CE38A22B9558CD9B3AAEAEF71A75A69B6FB
23B58630B84C80C7B641F4E7A7A9AEFBE1EF82E2B6B28F59D5E32D7322A9B7B7
6504460856DFD3393923E9F5AC6B4B920EDB9AD3F7D9FFD1BA7AFBD201C7BD7A
4B438C503BD041C503E828E98C51D08E298809E7D68EB400EE940F5228003476
E2817501475A005F6CD2E30290C0E71476A0614A0714C41DE97AF2690C5C5006
3B5310EC1C8E283400BD062803BE281DC534A2800E696810A052F6C628040071
8C52E281D85519E29D818A400339A50334C05FE2A31EB4805E71C0A51EF4C05E
334A052014034A067AD021C381D28C1EF4C070A781CD2630C503A74A40380E29
40EBC5340281D68C1A076170334EE828130028C73C5002E38AE47C71A7BCF3C1
2A7033C9AE4C5C6F03A30D2B4D10269FA8CF6C235BD2222002A3A103B5735AEF
C33B2D415DC4CD05D1E43A8520FB1C8E057CDAA8E0F43DDE4BAD4F2DD46CF5DF
09DFC96EC9246A7AED42C8C33C7CDB71EFD6B9FBBB8FB44CD2BB1F318E4FBD77
41A9FBC8C25EEBE562C13E0ED739F7AB56370D6F2AE0E4678AB92D0499EF5F0B
0883C1D0BDBA2A2CCECE307AE4927F9E7F1AAFE38632DA98E41F31E9E86BC49A
FDE33DAA6FF768F17D554F9CFCE4E7BD73D7446E380703F4AF568EC8F2B10F72
922E7F3A988DC0631815D6706C3D50FD01E8694AA9E98A00E8BC09A31D5F5EB7
12C2B25BC2EA650471B7D3F957B5DC385558C7CA140039AF3F132D6C74D05A1F
FFD2BA3D3BD2FBD7A472585ED40A3C300327A52E33D681098028CD021475A5C5
0090678C525318014B8CF3400528CE303B9A04029471400538741E94084EF4E3
91C8A0602940A005C906945001C9A5C76A0180A5C0CD001C8C52819A0051934A
3A501617B6714A2804281DC52E31400B81DA940CF078A02E078A5C5002D29140
028A5A062A834E028621C076A30474A40387EB4A07140C781463BD218A0503D8
5318EC7A51838A42019E697A601A6161C28029000E86AAEAF6BF6BD3A683192C
BC7D6A2A2BC58E0ECD33CFB4FF00B5CB2CAB6B7522CB19F9A323E98FE74FB8F1
1DC69EFE56A76175C74748D9C1FC81AF99AF04A7667BF49B71BA2EADE689E22B
3367750C7730CAA54C72A7E6391C1AF2BF1C7C34BFD3AE1EEB4B89AF2CE425F6
A8CBA75240555FA0F7FE7953A8E94BC8D1C5545A9E7F73652C44AC91BC6C33F2
3A9523EA08A8E1918001F8C1EB5E9732946E7272B8CAC7D3FF000FF4AFB0F83B
4F8266C91103C74E40AC8F1D2F9594203291906BC293FDE33DD8AB53478BEB25
9663D864D7357B82722BD7A1B1E5E23728C7F31EB56141C0EBD2BA8F389139FA
FD29570793DE860CF54F8556AB69A236A0ECABE692723B8ED9FC315A9AB7882C
0EE822BD8BCDE9B73DEBCCACA539B48EDA568C5367FFD3BBFC54BC715E89C82E
3FFAD41CD3B8EC145326C2E28FAF5A426281C51F4A7B8C3934BCD001D28EFCD1
7017FC8A071DA9000E9D297A7029800A519A005181473F5A0076075A28101CD2
D318BD2819A402F7A0034C07FE14018A4028CE697041E94805FC297140C5039A
06739A6217B7039A55A005EB4A28B0852281EB8A062AF4A500E69751DC50B8A7
814084EF9A7E29B18A29C0548C7114A01EE282AC2953E94018345C429CD18E3A
502145007B5301C3AD18A003BD041391814A5B08F28F1BC5A8E87AF1D4AC9418
58FCC3D4F61D3A735D2787357B7D6AC53CD55DC402D19EC6BE731914DB68F730
D2B2456D6FC2B6B331B8B44586703E5754191E955ACB57BAD2FF00D1F5649244
0789114B9C7D00AF3EF7563ADAB3BA30FE247852DFC416C756D31545E2A8DD81
8F3540E0138CF1CFE75E39A6E932EA1ACDAE9DE5BAC934EB1B2BA10719CB7047
0700D7551AB6834C89C799A67D8B0697F64D1AD9768C2C639FC066BCB3E235CC
415E0C648E87D3A579707799EBCA16823C6353259CF522B9FBC5218951C0E071
9E95ED51678D892820018918C8AB71E4AF6E9CE6BACE01D11E73C7E34AA3B2AE
4F50073406FA1D978A355974BF0E58E916CDB15E1F9941E9838391EBC9C7B0AE
0D033BE71B7273F8D654E29EA5D5938FBA7FFFD4BCABC52FE35E89C9617A0346
734C2E2734A3902985C5EFEB401C5020F6A178A0070C668EF48028031D68017E
B4A7AD300C738A2800F7C503D6980E1EB8A5A4028E3B518E6801714628017D85
38F140213B9A763B50C04F6A7678A005A5C77F4A005FA51EDDE81D87718A00FC
E8D843867752E31F4A02C1CD2FD45002D2E3D6818A076A514842A8CD3A801694
0F4A063D5722A682DA594E15589FA56552AA82D4DA9D294DD917E2D16FDE0F39
602C99C67DF8FF0011F9D5468CA36C7E08AC238BA72764CEA960EA455DA1A571
4854D752773964AC2638A306999B0008A51CD310A339A0E714083B51CD263465
6B7636B788D05D20292290011C1AF3EBDD16F7C3DA80B8B26DF6A4E48E840F61
8E6BE771778D5699ED616D2A4753A46A86E6105C9FC78ABEF15BDC0DAE8AFC77
AF3E6ACCED8BD064568901FF00470A9CE70BC557F0CFC3FD36EFC796DE2058B6
B423E740A0A93EBC8CE79F5AC672714EC6F463CD248F43F1014B5B775E000B8E
057CF1F122E37DD31520E0F6AC30EAEEE7A35F6B1E5DA860639E4FAF6AC3BA3F
31C81835EED2478389292E371F94E3BE3B558897E5C004E7A0AEA3CF2554E0E7
F2ABBA0A44FAB5AACCC163F317737A0C8CD27AA1EE2F8CAEDEF75A7392DB4903
9CE73CF1F89ACCB552B32332F0A412083EA3DA887BA826AFB9FFD5D13D3E94D1
9F7FC057A272D853EB476F7A62019EB4A7E9CD020FD6971F5A06C08C52807AE2
9DC407A8E2947AD21001401D8D03171C5001C0A60C5E472281C8A042F38C6051
FCA818BD78A5C5001CFD6945002D28CE3A50028CF6A5239A0031EB474FAD0314
0FD69C050262E3F2A003D28042D2E38A018B8A5E462801C0529E98EF48050A31
4A0714C00648CD2E3B62800039A763B6290C5C734BC50028A5040EB5329595CA
8AE67646B5A7F66448BE779B7370FC2C512EE1F98E87AF6AEAF44F015EEA263B
ABDBBB9D3ADD9430B74DA4B0F7EE33F5AF96C5626A569B8A7A1F4D4E14F09494
9EE7596BE09D16DE3D88F7E077C5CB2827E82AB5F7C3BF0E5D90CC2F2371D1D2
6C91F983584694A3AA7A983CCA6F75A1CD6ABF0EF50B250DA75C9BF8FB870164
1F80183F85723716F2C1214963646070430C1AFA0C157E75CAF73CDC42527CD1
21EB4015E89C6C4A5C504867D290F34085ED494811435CB769AD0947292272A4
76AC88EF629A3FB26A1175F9776320D7879946F2B9EB602564513A1882E0C96F
70CD0B73B3B0A9E4B17F2C0B799A03DCAE3F9106BC96FB9E925D87DBC53C38DF
70D2907A91FD057A2787236D3F4A12BF0EE32D5CF887EED8EDC1C2F2B9CF78CF
532F036C72783C1AF01F174BBEE6462DC93D2A70CB53A2B3384BECF2DC1CF7AC
5BA5DC4F1C8AF7696C7875D94704306EB8EBED566204AF3EB5D2705C9615E315
346C6270E995231DF9CE290EE57B8DD24ACF210CC4E6B4740D0AEB5672F810DA
47CCB23F1C77DB9EA791FE78A8949455D8D27267FFD6D0F6A08E735E89CA1DA8
FCAA841CE3069D8E29000E9C75A5C71CD0003934EEF8A0429E4D34763400B8A5
140083AF34EC73D698001EB4B8A41617140E45300C1CD2819A06291CD2FE1405
800F5A71E0502000F7A5EF400B8A5239E684C05E476A5C67079A0029D8EF4008
053F1DA818801E9D69D8F5A00551C53B1484C00C76A5C66980A0738ED4EEF480
00A5039A062E39E94BB68010F0A5BB0AE735CD4E67B916B660B393838AE0C756
E4833D0CBE8F3D547AF7C12F0EDAC509D42FA3F32F401B370E9CE41FFEB57AC7
7AF9CA2F9AECEECC5BF69CAC39AA1AD6B161A3DAB5C5EC8EAA0642A21666E40C
003BE587EBE86B5949455D9C74E9BA92E5464C1E37D0A4D3DAF5E49A0419C2CA
9863EE307073EC4D79B78A7C63E1DF12DE79DA6BDCFDA0712092DD93A0C0E48E
7FFD55A61B109544777D42693B99411F686D8FB4F39DA69B8AFA3A752335A1E3
D5A52A6F542629338AD4C180A53D29084F4E29719E006CAA1D0A9C722B00DB49
995BECE6448C65C819DA3D4FE75E56650BAB9E86025AB4689D2665D205DA48B1
33005633C119CF51D7B7A550B68E400B5C8553DF078AF09B3DA4866832A6A9E2
14B3842BA4673273D3D3F5AF44D7278A0D34AA60855C01EB5C55E579247A7858
5A2D9E39E2CD4DC07C312BCE3D8D792F88AE3CD998B1CE0F5FCABA30EB533ABB
5E923C8C415447B8E71C7AD4817041EA1CC5CA9270D90783C8AC8BCCB37B77AF
5E923C8C415447B8E71C7AD4817041EA0D74DEC79ED6A483B0352160B86CE7D0
6286AC326B4863B8B9FB65E831D9A9C315EA480381F98FCE9DADEBF24E05AD82
25ADA4636288C6DDE318C9151CBCCF52FE1573FFD7D102978AF48E41B8C73DE9
D4C18A2901F414805E45CD2FE1408074A5FA50314034639E28B8342E3D681F4A
005039A303D2810A07146284014A0D30148E334BED406C18E39A5C608A018A33
9E94B8E39A005C52D03179A5FA5020C1C734E1C5001B7DA9D8C76A02E03D69D8
A000039CD2F1EDD68014629680140A500E79A4214714B41418A70A005A51CF14
86676B57460B7288BB9DBA0A4F02E9827BD5B8BB847999071D467D2BE6B37AFF
0064FA6CA28D97333D7348B9934EB88E57F971818CF6ED5DCB6A7669045234CB
994AAA28E5998F603FCE319AF1B0B5796E8DB35C3B9494D19CD63AB35F45ABBE
A771BD0106C11B16F8231E9962339C9FC8551F14E9FA86BD6021FB6269EB91CA
46247EB9EFC761F803EB5B55A92B58E2C3CA119732DD177C3BA558E95A64166D
B65DA300C8A0FB549E22F0F689A9DB79B776D6F14917CCB7014214FA9EE31C73
4E9B8B57EA12AF57DADFA339BF0CE9F61753CFA7CAE2E2DD4642EEE1875C715C
8F8AF4D5D335692DA3C6D1D31DEBDACBAA3E6B19E64EFBA319B8A69AF70F1806
69C07A504B1D8A6367340839AE8BC1D63A6C56D737F737212476C15CF2063A8F
AFF9F7F3F304DD2D0EDC135ED75393D7AF95AE1F7C83C98CE41278AF1FF1A78F
64BABE6D1F47620EED8F2038DB9EE320838EB8AF0230E667B89A3D2BE1368B16
85A5B5DCB837173FBC773D5B3CF38FAD69789F560B0BA96CFB579F5173543D68
3E5A763CA7C4FA92C818F63D7FA715E71AC4A59CF3D7FF00AD5DD878EA73D57A
18B39C7CD802B2E5EA4F7AF4E91E4D73D23E0D784749F9269BAAAEAF6DB8A48A
B6F229C327CAB9C11F5359DF12BC0173E12105DC1706EF4F998A0764C3A37180
71C639C03C74AEEAB4ECAE7991AB7972B38A41B412C08F7C53AD6D9AED2523AA
2EE00F7E40FEB589AF5B156F2E659308D80AA070001D80AAAA08392284B406EE
CFFFD0D23CE0628EB5E91C818A5A000F2285A0341DF5A0F5A062803F2A701E94
98831CFBD31E5446C1386F4A99494772E3172D10C4B98D89039FC2A52EA14735
11AD165BA32157919EBEF4BD6B5BDCC5AB0A7DA82298853C50053017B74A31ED
40C70C1A5E680140A39C74A0571DCD1B7DE8062D2A8EDDA804380C52FD68180F
4029579EA280140A5A042814A071D290C5C503DE8B885E94A3AD30B0E0297183
48A1451DE810EC6286CAAF151376572E2AEEC65BDB3DD5F02C98407939AEC345
D3C45860CAAA07AF15F159854E7A8CFB6C0D3E5A6919DE28F11BD8C4546F700E
176A9619FC01F4AF40F87763A94BA7A6A2EFE7DCBF08D703E48813DB1C9C0E71
DF0066B970F0D4BC7D451A5A9DCDA4177192D757ED7048FBAB0AC683A741C9ED
EBDCFB6247B581DCB989771EA4704D7A1EC935A9F2AE7695E2616A7A45EB5F09
2C5626503AC8D8C1CE7EB5C978BFC03E2CD521B9953C5B772ABC7B56C049B201
83EE3BF7CE6B8D46516DA3DBC3E3282E5525A8BE1CF0AEA1A6691BEDF566B6BA
407291E3AE7D7BF7AE63556BA92F6437933CD2E4E5D8E49AF7F299A91C199BE6
77453DB4D61835EE9E18053DA9C0500039A6B839A04C40A6A2BC9E682D9FCB24
06E1B1DEB9F151BD366D41DA68F17F8BBE2A96D216D2ECE6292C80EE61D47BFE
66BC8F4CBC6B6D4A3B8725C9705FDF9AF229535C8D9EBBA96923E9BF0EEBDE66
856EC1C3AF96003F80AE63C4FAB3B4A554F1E99AF16506A6CF6E12E68A382D56
E19C9C3641E95CCDCAB15240C026BB28AB19D4665DC0209F700FF2AAA10BB6DC
1E7DABBE92D4F2AB5F53E87F82DA6B59F84209B6906E007E46339E87F2C575FA
D6956DAD68F73A56A11096DAE10ABA1247D0E47420F20D7AF38B946C787CD69D
D1F32F8E7409BC39E25B8D1657F3042C1A376C02F1900AB1FD47E1584267B790
B4600F6C715C2D5B43B93D6E53B98E4F337B8393CF3E95139007419F4A48A6F5
B9FFD1D25CF6A5CF3E95E91C8839C83477EF4900B8268F6A007004734B8E7A50
3171C53C2D4B6524452CF1C3CB9007A9358297C4EAB24E914F70A46D8E38E366
D9073D81ED5E5633149687AD84C2CB766EF847C0DE32D520948B294215CABB0C
1F4EE3F1ADAD6BE1A78C23B25F2EC1E6603E7F9F9CFB71CF35E5C71B691DD2A5
0DAE63DAD9DFDA4660BFB59E1950E18491B2F3ED91CD4DB78FE75F4786AAAA41
3478188A7CB3B0DE6971DF15D27389CE29DDA8062806971400B8E297DA9800E9
4A01C74A042E3D6970738A10585039E94B8F4A010A3A0A5E9C0A063B140A4028
EB4A2810B8EF4A33400A0528CD3040062940F6A062E297148051CD28140EC281
522AEE1EBED58621DA9B36A0AF34663CEF1CC43128B9F4ADEB7BD8ADB4B698BA
371D09AF88AFEF48FB6A2ED14729A7EA32DF6AC21644FB307C9F53FE78AFA5BC
2E633A1DAAC6000B181C53A1EEC8E1CD1B7491A7457A07CF0D91D23469246088
A32CC4E001EB5E71E25D56FBC49792E9F63A8EA5A558443E69ED20CBC87FDE3C
11F4E9DF9AE3AD3E55647A995D18CEA734BA1CA78421D6BC27E2692DEEAEAFF5
4D22FC6C17176E95A07FE13E5803A960B924FDE07B56878B6254D45A44036B73
5DF954FDF3B337A3EE5D189F4A420E7A57D41F26D0B8A31412005046680622AE
2A2BD8CC96D22A8E4AF151523CD168A83B347CBBF12748F10BF8927966D3EE9E
327E5648CB83F9563D8782FC4D7C41874C9467BBFCB8AE1545DAC7A1ED53D59E
A1E0AD0FC53A3E8ED06A70A185794D8C58819EFC0C76AABAB2CA49EB9AF27174
392573D6C157E747397913B290C3A71C75AC6B88F6138E45634CEE99957317CD
8EA4F4E3AD6AF82F437D635DB7B40A76EEDC58740010715E961973491E4E29F2
C5B3EA2D1B4D5B3B08ADD170AAA063D38AB86000702BDB3E799C47C56F03C5E2
5D18DC5ADA44FAA5BFCD112BF33AFF001283D8E07E78FC7E67BE8B2EB12A6D65
2410410D9CF423B11D08F6AF3EAC2D23BA84EF1B05F445F4F8E41D50907FCFE1
FAD646CF31FDBF9D626CCFFFD2D21D697AD7A272052F6A60C07D29D800526171
79A701DE818BEE6AF69B07DA15B6A966C7000AE2C65654E173B70945D499ADE1
BF85BAA788262DAADC9B7B46EA1082483D8E47A77AF62F0AF81BC35E1C8C0D37
4AB78A4C0064DBCB63B9C93DF27F1AF9A4A55E777B1EB62B13EC97B381D28500
000703A0F4A0815D4E94628F25C9B773375BD134DD66DFCABEB549C0259770CE
09E0FE62BC67C6BE0BBCD1AE1E7B456BAB22370651974F50547619001EF5B607
131A73E5BE86B2A72A90DB53917465382391480126BE8AF7773CF6ACEC2E3DA8
C7345C9685FA514C05C1A514C42E3BF6A5ED40201CD380A06C5140F6A0438528
1C7AD2017A52E38E940807534B83D69821C0714B838A4028E28A0628FCE9719F
AD002E2971400A052E39A0AB8B8EC69C09539AC310AF4D9AD17CB34CCD3AC43E
798A4815CAFF0009EF5D278634CD1AEB459F54D5AC6EEFE220EDB1B7504BE0F1
81D4E78E3A77ED5F135A2D499F69465CD14747A0783342BF18B4F0ECBA0BA1F9
A0994861D3F03D7208E39F506BD1F4AB25B0B64815B7051814A9A7B9E6665894
FF00768BB457773595CF144E0F149220789A3E81862B3B73A65C26E0EE8F39F1
2781F5EB9D4A3BEB3D5DA58A27DE2D2460A8C71EB8E327078F4AC1F137DB12EF
CABB8F6B839CE49EBCF7ADB2EBC6AA8B3D8C4E2A35E83B195B69BCE6BEAD1F32
C0E7A50071D2992183484734085EA68C71CD004525B432FDF89188F514456D0C
7C2448A3D8547221DD8F9214914AB28208E41AF3EF1A786CC3BAE2DD32879C0E
D5C78DA1CD1BA3B70359D3A963CDF51840272A3AF39AE6B518F69E08FA8AF122
ACCFA494AE8C993E7902E0649C026BDBBE067870DBD88D4EE2221A401955872B
C0E0D7AD8186B73C5CC2768D8F5AC71D29760AF54F1002F7AF39F1C7C2CD235C
BC7D52C3FD0B503CB32FDC73DB2B8C13F5158D585D5CD6954E4678078BF4CBFD
0B55BAD1AF60F2E48DBE62470C0804329EE3DF3581790085D460AE5437E82BCE
6ACCF49C9347FFD3D3140CFAD7A2720A3A734639A062E7B7A53874F4A042F4A5
3C0C9E82931A2A5C4F23B08ADC6F6C8E3F1AF76F865E1FB36D2A3BD960512F40
00C60FAD7CE6633E79A823DBA0BD8D1733BEB78238102228005494A943D9C6C7
0CA4E4EEC0D52D46F60B7FDDCB3245F2EE6666C051EA4F6ACB133E5817461CF3
48F0AF883E38B58AE4D9E877FAA0955995E77B6744C8E3EF30C75CFE951FC2AF
17F88358F130D2D7CEBE93C867639004783F7B7640F5EFDBA1AF3E0EED33EAD4
211A57922E78EBC37AA69FA84B79FD8B2C36AE73BAD90CA9BBA9276E48249279
E2B967475386523EA2BEB3055D4E167B9F258BA694F9A3B0C208A515DE71303D
7A52807DA810B8268C76A62170734EC0A0014718A7631405C5038A502810B8A5
C52B00A071CD2F5A602F14BD4D218B4BD68B007E14BF85310A2948A43000D2FD
6980E02940A450A297A0A89ABC5A2A0ECCE7B5548A1B932B8C1E80E3915D6FC1
3F10DCDBEAAF0DE98E3B61916C77E7713C1EC029C73D4D7C8E261C951DCFACA1
2F694743DBA3B74BA916F56EE62481B4C6F85C7A11D1BA93CE7A9A2ED96D5019
2EF321C6D572013C76031E99AE79474BDCF23594F96C42BA8388F3B41C54DA65
FADF3385465D9D4915306E4F94AA986E58B9189E3AF175BF8666B0B664135C5E
36D48D72CF8F50A013D377E5F88DEB213C88B349236D755651D31900D76AA7CA
8C6CA31BB269925603CB982FAE5735C1F8C7C3DABCF23DD616E114EE25324E31
E9D6B4A168555263A738F238F73909ED2688959227539C7CCA454050D7D1C269
AD0F3A7168691C74E69A7A5684584C518E29898628E4F4A091476A500D318BB7
BD472C492A14750C0F1822A64B995813B3BA383F16F8105D969AC18231FE015E
63ACF84758B79364B66ED93C18C16FE95E2D7C2B8CB43DEC3636328F2C8ADE18
F87DAC6A5ABC4B736CD0DBAB06938E4F20E3E9C73F5AFA3348B18EC6CA3B78D4
285500E2BD3C3439207998EA8A53D0BA38005276C5741C418E69314C9D8E43E2
2781B4EF16DA97907937D1AFEEA7550587B73DB8C57CE5E36F0F5CE8BA9DC691
A92795776CAAE840F9655600820FA7F2C579F5E1CAEE77E1EA732E567FFFD4D4
C1CF1CD263B9AF44E41C7A522E7BD3E8171DCD28E98A431DF5A660CD22C2A396
38AC6BCF920D9AD08F3CD23ACF06784E29F5112BE554105B77F9E6BDB740885B
279098F2C0C8C7E15F24EA39D5BB3DEC42E5A3CA6B138A01AEB7552958F26C15
5EEECED6ED4A5CC092AB2ED2186411E9F4E28AB4D54566384DC1DD185E20F03F
8735CB6305F69EA50AEDC21DA318C631DC554F097877C2BE076FB16936B1DB4B
74E43393F3484F38F7F5FF00F5579F2A6E94933D28E2EAD7A7EC85F1DFC48F09
782EDE39359D4B324848586D879B27033C81D071C67AF6AF13F117C46D17C61A
C85D374616F291CCFB0AB3281800E71D33E9DEBD0C2546EAAB0D609C284A732B
8E573472057D423E7D8703B528E94C9171C528071D2980A334B8FAD20140FC29
7BF1D280145380A042F3E94E19A02C18E68E6980A05281C5002FE14A0503171D
A940E295C05C71462818E02976F3400B8C51FD2818EED4019A408C5F165A4D35
8B3C1F780AF32B9F126A76D6CDA5BCADE623931B0032ADC7238EA3031F4AF071
F87BCAE7BB97D7D394F4CF869E28F8ABACD88D360D5AE2E38C2CDE5209546781
B82F403039AF61F877E10D5AD2E66D57C4F7B3DF5E4CBB42CD26E29CE73C018C
F191FECAD78F28EB6477D6AB4E8D36D6ECE8B53B1BA4B902CA27D87DF207E757
2FEE62D0B4296EA4DA4C4809C9C176AAA14ED2D4F3EAD5552118ADCF24F87905
F78A3E22DD789B5170D24254463A851D768FA67F9D7B68C0000E80702BB6B6F6
39EB2E82D1591CE43731C373FB9B9B613211D5D430E7B7A8AC2D47C19A45CB17
87CCB56273F21DCBF91FF1AE9A3889531495F730350F015EA2E6CE78A7E3EEB1
D87F5E3F5AE52FF4EBAB199A2B98248DD7A86523F9D7A94312AA194E16D8A857
079A4C1AED5A98863DA8C114C81D8E2929A014F0719CD03A714084238A6C90C5
20C3A0207A8A9714C77681218D07C88AA7D85498E29A4909DD8807AD29CE38A6
C42E3DA9A56909811DAB93F883E07D33C62B6CD7BB927B55748E44382158838F
CF27BD45487322A9CDC1DCFFD5D5E474A4AF46C725C3A9CE297F9530B0A323B1
A55030290C76783C0FAD6DF84ED6DA4125CC8C3CC5FB83D4E718AF3333938D23
D0CBE29D43D5345B286DEC95E6C02E9DBE95A96DAB2DB4C8ADB5625CEE627B57
CB7359DCF76745D5562C5C6BD1CB20FB2BAB274041EB52C3AB9DC3CC50054CAB
372B9CAF0168799AF0CF1CAA0AB8352D7A94AA29C4F2A707176621E95E3FF1CA
E2FE29EC62B192E23964B9508624DC7A8F6F404FE15CD897AA3D4CA17EF4E5FE
23FC06B5D784BE241AFC935F9B6458FF00B40C6222CAA70AD214DCAA771F5C74
EFCF9C784747BDD1B569E3D50471C8F128856293CC523B9DD81CF238AD72E9DE
AA4CF431B51D4C3C9A3AEE9C0A515F5C7C701EB4E03D7AD3100F7A773400838E
2940A627B0E1C1C7AD28181480067D29C064E6988760D28A182171476A062819
A5C5002E334A07A75A0428A5C60714861C8A519F4A0070C8ED4BD681801ED4E0
3F2A062D001A0019032E08C835E7FE39F0A932FDBECA3F9873802B93134F9A27
5616A724CEF3F666D41E3B9B986E1FCB2BC10C307B57D0B04D14C098DC363AE2
BE5E51B5468F4B191724A6892B8FF1B69375E2471A7DBCBE4A460976A69D9DCC
30C9735D99FF000EF4D8FC3361347772ACB3EF62CCA31C678FF0FC2935FF0013
9B79FF0077B8B13F2A8EF5D3F1BB9D3C8AF72DF842E3C43A86A09737370F0D98
3FEA3390C3DF238FC2BB6A551ABD91C759252D028A94624373776D6BB7ED13C7
116E9B8F26A8EA71699AE5935BB4F0BB0194607250FA81F85694A7CB2D0D3D8C
DC79ADA1E57AA58CB6574F04AA0153D4723F3AA6C95F434A5CCAE714E3CAC400
F4A4208AD4C85C1EF48C3140AC1D4528E28109834E005301307D28008ED40AE0
33477A005C71498C74A056171D2931ED4819FFD6D5C1CE28C1AF48E3B0B8F5A3
B74A4317DE9C0503071F21C55DF0C4A91C8AA1B3217071EA38AF2F335FBB3D2C
B9FBE7AF42F2DCD8431AA85750A4824E08E335336910EB01EDAEF1E518C82B8E
A6BE5667D146A7B35CC739A3E989A16B1FD8D682678D6467276FC8BC824640C7
F17F3F4AEEF53B648A0598723DBAFE358C7A958BA8B9A16EA51B53733DF422D5
9828605FB71919FD335D783C5756166A2CF1F304B99240C4015CEEBA20B98C19
114B83C1F4AAC4CD4999E06F19DD19F77E13D2B55D2A0FEDA0DAA158C622B86F
DDF41D517009EA4F18C9E30315E25F13A1B0D0BC456B0BE86BA65946E1A3B9B3
0CEA411C860785C63D46770E68C2CB96A267B346B7B784E0C65ACB1DC5BC73C4
728EA194FA8352007078AFB5A6EF14CF91A8B964D0B8CD2E39AD1198B8A30681
0632714EE9C0A77131707F1A728A42171F9D281400BDE9698C5C734A0639A042
8E94A690C5514A680171415E281A0C53D41A00520D028017A9A70140001E94A0
520170714A515D4AB8C83D735325756293B0FF0007E8FF0066D665B8B67D8AC3
91D319AF45F86D752DC4F78A8DBD6260A431F5C12457CFE26972D46CF6155E6A
091DCD3551558B01827AD70ADCE44EC79D78ED6E74B49AEA201B7F415CDF83ED
EEF53D416EAF892B9185C702BA616E5B9E945DD2B1EBDA708E3B7558D4018ED5
61E558D4BC8C1507526B2671548B72399D5BE21786B4BBAF22F2E271FEDC7034
8A3EB8E95B90EB1A6DC59A5DDADE457303FDD789B75369A570F612BD887534D3
EFA35FB45CA458E012C07F3ACEB8F0CD9150E9A9BC2C7EEB71CFEB5118DA5CC7
4AC44E9D3F66D195AEE9AB169EEB7B771DC4E832B20EA6B8C75F9B1E95ECE02B
73AB338B150565244654F5A0826BD338189B4D2114EE4B176D263AD020029453
B8839E82820834006334B83D28244C63AD2E0D2189D2948A04EECFFFD7D6E7B6
00A390318E6BD03904392314B838AAB88519A5C9CFB5031DF7811EBC0AD4F0EE
8AC9A8C1745378DC0838FCFE9C579599BB40F4F2D5799D8DC6B33DBDE2472CA5
4AA8072782BDAAFC9E3DB1F0F45F68D52099AD9860CB0C4D205EE4B601C0C0EB
EB8AF989C1BD8F71FBD1716757A3F88FC1B770FF006941A8D80671CBC8543F41
FE03F2AB0DE2BF0A48F1DB47AA5A4D24ADB1234E5893E9C5443960B54714B0B8
993BAE86D5ADADBDBA9302050DC9C0A918E05124A2B4386527297BC424BB71BE
B22ED2059F324995CF4ED593773AF0D7BDA287DEEADA743004675000009E95C6
6B5AE783EF219ED754B5B6B98E405192601B70FCF8FCC7F4ABA6F5563D0C361A
A46ED9E576AF6037DBE9D26E8226DA80A85DA3D001D8741EC055919C0AFB7C24
B9A92B9F378C8F2D5685E6945749CBB8A381463F2A005ED4007D2A843C027E94
01E94805ED4B83D68042AD3B14301706940F5A770B060D2E09140EC3A819A421
D8F6E697071400014EE940052E38A0618E69C05002E29690EC2F4C629C052027
8AE8DA5BCCEA4066000FA9E3FAD755F0CAD6E209D1A19180273211DC13920D79
18C566CF4A83BD3B1E95348238D9F0588190A3A9A82C2E2692D8CB791A5BB6E3
F2EFC803EA40AF2394851D0E53C568750BE48237592127B1041AD0B6D052C2D5
5A3008039DA2AD3B2B1E8466A16B9258DF6C0C84F4F5AE07E2778B2E2DC9B3B7
9B6E46095355057958B74D27CC79D5B4171761AE64CED273B8F7AF4BF867657B
75A57976091C40C8C649587C839C678EA7DAB5A9B585CCA2B999E8FA6E896565
87606E671FF2D65E4FE03A0FC2B4B0318C0C7A56279F52ACAA3BB39EF13F84AC
35A8D9E2964D3EF7680973000718000DCA7861818C571B3F857C41648E2EA18A
E1539135B92C187AEDEA0D74612A7B39EBB16E6AA4395EE65CB6F2C64ABC6548
F518A8990D7B909A7AA3CF9C1A1A54D376E3AD688C9A108A420D50980539A31E
9412F417069083C50217AD045002F614D239A001852F38EC680B9FFFD0D7C51D
ABD138C4FE94A01CF340C5FA503FA500381E8702BAEF0C6A261B3DB2ED083B93
5E66671E6A47A397CF96A163C4B736773A51DBB5E43F70E3F4AE66D755925D3E
4D0EF93CE8261B1C371BC1C70463073C57CE23DB5B9C4EBBE0A82D24DF6D02BC
6E788954381C93C6013F857A6FC0EF86F125F43AF5F5A0896DD8F90A630A430E
09C6320E0900FA13EB58559F43A6A5474E9B67BE09140033FA523B82A71CD64E
5A58F9EB3BDCC1D4DEE964CAB9541D4572DAD6A932295279EC6A0FA3C153872D
CE6752FB66A56CE11F03192DED5E3FF10FC37AB69656F57559250FC7972150CA
0F39C6338E463D715D1866B9AC746236B91FC338AE04D33B3623098651C02DC7
3FCEBBD1D2BECB06BF768F8DC73BD560339E69C319C62BB0E30C52FD4500029E
B9E940AC2F43450028C629C2980A3A8E29D4803BD2FBD31D8500FAD2806801C1
6940A42148A50280140F5A5A0008A00A06870CE71DA8039A403B0734A178C517
0B8B8ED4A01A0A248E3F32445233CF4AF59F01E9A6C74559661FBDB83BCFFB2B
FC23F2E7F1AF1F30691D949FB8321D5AF34D9EE1B59B0923B466062B98B32678
E4301F76ABEB77B65AEC46C2DB5068038237AE01FD78AF2A4BAA3AA9C3DEB9C3
DB5A6BBE10BF8A293FD32C83966777E793D78FAFB57ABE997F6F796E86291589
5191F874A24D3571D78BE862F8B624B0B19AEE15192A703DEBE77BFB8BAD53C4
8904E8C81A5C1CF65CFF005FEB5A50DDB3784DCA08F458F4F8AEDAC745B20164
9CEC076E42FA93F957AFE93A7DA695A7C5616512C70C430303EF1EE4FB9A9726
CC712EC944B545238829DD2A80AD7B63677AB8BAB68E5F7239FCC735817DE0BB
099B75B4F2C1FECE030AE8A55E501DEFB9CFEA3E10D52D8B3428B7118EE879FC
BAD73D341246C564465238C118AF528E214CC6A52D2E884A91C1A691CFB5762D
4E7B087345325883DE9474E39A042F5149824F5A042F3401C50268314805008F
FFD1D620838A5C60D7A28E3EA18347714C628A5FA5200A9B73BDBB4249284631
DAB0C4C54A9B36C34B96A231EE6F85BCA910664743900A9028D6754B0BC8A125
0A5C46799947CDD3A038E47B57CAD45667D2D3773A3F86926758819A5926CC81
90BF553ED81DABE90B58C25AA2A285F9476AF3A4AF3B0B3195A1143FCB3B793C
D66EA372615DAA7EB4A51E5DCE0C3C79E56303509C48B852D9EF93C573BADDB1
BA89802320124938E2B3BEA7D361E1CB03CFB5FD525B085C9BCF2E04FE10DF78
FA63FAD794EBDE21B9D67502B2392A0E061B3C0E2BBF0F0D6E73E227A1DB7816
D8C1A309327F7CDBF93DBA0FEBF9D740073C57D8E1D72D347C7621DEA31714A0
574180A3AD2F7A4242819A51914C05CD28FA5002D2E280140E714EC5030C5380
CF3408760D281400A053B140062940A005C734A0503418E79A502810B834B480
5C5281DA863140A7014866868512CBA8A2380410C7F204D5FD4BE21CFE1E2747
9E3122E3F7531072A3D38E82BC9C6C79A563D0C2A4E3A9ADE0EF899A65EA8B3D
58ADB3E30B3677238F46E38ADEBBF0A687A8C7E7D91448DFB4643447BF4EDFE7
8AF2E707036BBA72BAD8E5FC6BA5EB5069AD6D713CD35B85211836760F61DABC
C7C3FE38BBF0ADF2E96D1DCBC1136626F2DB1B49E41206001EE6AA9A53D0DE56
6AE7A86B9E34B2D4FC38A51833BA6EC7423F0EA0FD6BCF34E4179AD2148D5E42
70B81F37D2928B8368B84538D91EA7E04D3A3B7D5C5FCECA65F27620207CB9EB
839CF3C76038EF5DED62A49B39B169F30515A1C814A2980B455200ACFD634ED3
6FA126FE28FE5E7CC27691F8D57B470F790E09B76479AEBF6367652E6D6F5278
C9382586EFC87D71F8565704E4106BD9C2623DAC6E4E2B0CE93B8DC52815DA70
011462800029718A042638A3B1A041C74A0F079E940BD0FFD2D8FC293A9E6BD2
471B63B1C7148290053B1ED431801CD3E262AC1876A89C6EAC38BB3B99BE2D7B
79F4F779210B22A9DADDC1FAFE75C3DBDC412E9E259252A6393923BE07F81AF9
CC4D2716CFA2C3D45248F4BF80B2FF006DEBE1A0E61B6C373C679F435F514231
8699A9D8CD3E5A3C1FA9C54D57CCCE6A17A124E4735AAD8DCDB217910E3D4735
E47E3FF18DC69A934113812904281FA0ACA9C2F23E8E1594E9DE278E6BDABDF6
AD26667257B2E7FF00AD50E8364F3DEC50A8F9DDC03F4C8CFE95EBE163EF248E
2C53E5A6DB3D8ACE14B6B68A08942C71A0550063007B54E09AFAC82B247C7CDD
D8B8CD3B1DAA891547E068233486281DE96A89171CD281DE810A053A818BF852
8CE3140C7019A5008340876296818A39A519EF400A0528A005A5E738A0418A5C
52016802818EC5183400A29F81480E87C0FA62EA7AABA333AF931EFCA8071DBB
FD6B0BE2A68707DA6581C6E948C06F5AF1F172FDED8F4F096E4B1C4693E1ED42
CA2125DDB48F6FDF00B00B5E8DA76AF6D61A3B3699772DB617057EE107BF19E7
9FCFAD71D7767747A342119C5C5EE655978B754B499D83B5CC4C46E4738079EB
C5749A2EB5E1DD57F7577A642188C6E29CFF00F5BEB594A3D51117D1991AFF00
C24D4EFA57BFF0FEAE9040C0325B3E154F5CE0E38E7D4D7996AB61E2AF04F895
135A47881C6C9D0EE4E848F980C74F7AB84D4959EE65CEB9B43AEF0EF8C2EAD6
FCC8F397570063757A3E87E3A8662AAF2E0FA13C571D4834EE8EF508568D99DA
695AAC17C80AB2E4FA1AD1AAA72BAB33C8AF45D29598515B5CC0514B54802BCB
7E2CEBB709706C6DA52A8061B0D58D677691DD808273BBE8794DCCD3E4B091B3
D7AD32DB5ABDB59465B7AF706BAB0F57D933B31149558D99D1E9BAF5ADD6159F
639EC6B5D19586558106BDEA5514D1F375A93A72B0EA3915B188BDB3476A0400
71462800C52E07AD023FFFD3D93D3EB49CD7A2718BD39A31D2818BDE8F6A600C
42AE49C62AB4DA841175619FAD6352AA8EE6D4E8CA6F4295DDEDA5D446390AE3
DFFF00D55C3DC68D2082FA08F06390168C6EE8C7B74E9C7EB5E4E2AAC66B43D5
C3519D37A9E99FB3DEB1A2F82749BBBCD75A45B923E658D37E5463A1EA4F538C
75AC7F8D1FB43EBDAEC12687E0EB0BDB0D3DFE59AF7CA759641C8640AC9C0E84
30C7E35E3430FCD55C9EC76E222A766786DB6B5AA6977F0EA5E7CF1DD46DB91B
66D39E7AF1EE6BD3FC29FB4E78F346744BC8AD756B6002F973C857601D3185CF
4E3AD75D5C2C6A2BA32D1E923D0ADFF6B1D02EAD026AFE1EB882427E61007703
F1C115E51E3FF897A26BD74B7D6166EA8DD10EE56FC723FA77AE6A7819A95D9D
146AC28C2C99CEE8BE25B4BE76865458A52DF281F748EDC9EF5E8BF0EED6392F
24BA71F322E179E99EFF00A576E16972565733C657E7A0EC772D710AC8236954
3B70149E4D4C3B57D245A3E69AB0A338A760F5A6217A53A800A519A62170697D
A801C0718A55EB40C5C5281EB4C078E29C2908053A8180A5C1A042A834EE7D28
18A07140E0D0217145017179A50290C51C52F7A00514F03F2A433BBF85108DDA
8DC6070238C7AF727F90AA5F16F4AB99A78B51897F74B80FF4031FE15E06227F
ED0EE77E119B9F0FF51B7BCD2CE9D36C2E06EF2DC6430E33C1EBDAB1BC7DF0FA
D2E34FB8BED0FF00D1AE63064FB3FF00CB390FD7A8EB9EF5CB51B52D4EA85470
AA78C4B7B7764FE55D5B490BAB1528548E871919E48ADDF0E6A36CD7F0B1658F
E6F989F4A74E49E8766269FDA47BEE81AB69BAA5A03A74836C60298F046C1D00
F71C75156355D374FD56CDAD352B386EE0618292AEE158BD24792EF191E1BF15
FE1018A37BEF0733D995CB18170117DFA7726BC5D3C53AAF87EF9ACF5B85C143
FEB1413FC856AAD35A9E8D1A9A5CF51F0378FC2042938910FAF51F857ACE95E3
BB49600CF20FC4D72548B8BD0EB9D28D75AEE427E2358B5F8815D40CFA67F5AD
DD235FFED293743FEAC77AE773919D4CBE108DD33A1470C0106959C28E4D742A
D6478FC8EF633B57D445BD9C8E87902BE7DF13EA335EEA52CB2B1639EE7B514D
B94AECF5B0B4F929DCC6694303CD5690063CD751A5CAB2A153B90907D455FD37
5EBCB2C23B1923F7AEBC3E21C1D99C988A0AAA3ACD2B5FB2BC503CC547F426B6
038600A9C8AF6E1352573C1AB4DC1D98A28E95A190B462825B17AD276A2C17D0
FFD4D9F7E28EFC57A271076140CF6E94C628EB505DDC25BA166238FD2A2A4B95
5CD29C39E56473B7FAACB293B0ED15952CA5CE5893EF5E157ACE4F43DFA14942
25633488F904E2AE4172194640CD72C91D04A0AB8E467D7348F0230DA0017255
CA979A3585EC652E6DA098375DC83FCE6B06F7E1F68F3B96814DAE4E488C019F
CF3551A8E24B826423E1B69BE4B2FDAEE7CC23870138FF00C76A84BF0CB24ECD
51891F743AF5FC85691C4496E43A11657FF856BA8648179063D4E71FA0CD76DE
1C3ACE89A53C33324D21E0BA6492A3A638CF4AD15757BA44BA1A59EC72BA959E
A475DB4D5ECF52B8BA9EDE759BECB792144F9483C6D5EE7D474EE7BFB0F877C5
9A76B188CAB5A5D7F143229033E8A7A30FC6BD1C36239B73CEC661EDAA3A3539
A0139AF411E60E1EF4A2800A728F7A62145380C50003D69C01A018E00FAD3B9A
005029C071400014EF7A0628009C52E3D28131475E2979E98A00502971CD2016
8C503140A31400A41A5A007014A290CED3E1BBCF0B5CC88A5E2E04807F0FA1FD
2BB4D56DC6A5A35C5B46C079D1E149EC7A8FD457CEE35DAB5CEEA4AD14CF2584
DDE93A984793C89E26CA3671FCE8D43C75ACEA32B2E9F2209ADF93133E15BF1E
7AF5E2B392E647A3149BB9E77F113C5536A578BE6D87D9EE94004F3F3638C8E0
7A7FFAEA97C38F08EBBE2BD59A51E7DBD8A15F3272857E5C91F21230C41EC3D6
A1C7D9AE63A235935C923E82B1D3CE9B676F676C3CB68FA1515B16FAFCAD751D
AC96643B1033BB03DCF4FAD6517CFA9C95E927B11F8D2E6E56C02D830329CE40
EB5E67AB7C31B7F1658C935DA6DBCC1DAC4724FF009CD5464922609C523C2BC6
3E06D6FC17A93C7B24B72390E178C1271C918F7FC6A3D23C633C43ECF7E19093
80E0E73F5E38AD5DA6AE8EA8C9C7537748D413FB412EC95994105B9CF15ECBE1
3F1AE98B6E90ED1136076AE2AD076D0EB84B99599D5DBF89A27FB93022A7935C
571C483F0AE5B35A0FEAB0BDCC6D675A56B59A30D9C8C66BC8AFE756B893DCD7
561D5855928AB228BB81D0E05324936D751CC4465E39E2A1255BD714D12DD869
52AC1A3623E86AFE9FE20D46CB0A58C880FF00157661F10E0ECCE6AF463511D5
695E2AB3B9C2CC7CB73EBD2BA08668E65DD1B061EC6BD8A7514D1E255A2E9E8C
93BD380C9AD4C80D1B73413B1FFFD5DAC773D69335E8A38C5A07D29810DD4E90
C658D723AADEB5C4B907E51D2BCEC6D5E5563D3C0D2BBE6335A42ADD33F8D1BC
151935E3367AE90D60186300FA7151C7BA3700FE342196D5F18615663973D78A
4C7624DE83A35287CAE7D3BD21EA066DA38349E7FBF34C683CFC0EB4CF3483C5
340D88ECAC0EE45E7F5A6C7142195C46A181C8C71571938BBA2651525667456B
AFCF1C6A84038F5ABD07885338923EDD6BD2A58DE8CF2EAE02FAC49B50F12E95
63A55C6A37370121B78CC9277381E95C7D9FC62F0DCCEBE647751AB0C83E593D
B3FE457746B26AE704B0F28BB1D2E95E3AF0CEA0710EA712B671B5F2A6BA2B4B
982E9435B4C93023AA306FE55A29A31941A2614F156217AD28C9E2810F029464
75A00762979A00502971400E039A5A005029DDA80000E68C520171C528A00314
A05002814503179C54805219E97F0DBECE3C35F215F34CCE650700F5E3EA318A
D23A95AC3A9A5B79840933B4E3E5247519F51FE7A57CBE293759DCF430F07289
C87C66D0A6BAD1DF56B1C19A21F3F38C8E82BC1346D5E5D37588AEAE211E6C2F
9E79FE9E95B51F7A363AE93763DFF4DD07C3FE28365ACC7610CE8E01958E720E
DCF3924F5C8E2BBBB4B6B6B4B64B5B58238614185445C01F85725493F8599622
777A1566D3D4C8D28624F606B07C4DADE9BA269F24D3BA2CA071C64822B2A7A3
B1B539BA8BD0F2AB4F8A8CBAC6F92133C61F91D370F4E95D959FC4296FF0F6B6
89081D71C1C7E66B6953468E3CDB91F8AAFB4CF16692D63AA218E5507CB6DB9D
A4E3A74F4AF99BC67A00B3B99235C1452706AA93B681B687046F2F34CBACD9DC
BA2A93F28DB8CFE5EA6BA5D0BE21C71E13544F28F4F313247D4F1E95B4E9DD5D
0E351C59E85A378B5654592DAED645EC335BA9E3278D46F6247B571CA99D4AAE
824BE2E8A553B9B19AE5EEF548DE7621B8269D3872B33A93BA213A8670038C0F
7A8FEDF938DF9C56C65CD61EB79919DD5225C7EB42603D6E7D6A4F351860E055
021B22AE4107156EC756BED3DD5A2998AFA135D146BB8331AB4954475BA378C6
D67558AE879727B9E0D7536F3C53C61E270CA7A115ECD3AAA6AE7895A94A9B25
1F5A066B6306AE7FFFD6DA270B9A88B1CE457A2718E46E69B7132C28598D29CA
CAE38C799D8E6359D4BCF7D88C703AE3BD63B32F049C1CD78388A9CF23E830F0
F670B08EA1D71EB50488C831DAB94E85A8B137238A9244E7703499487005871D
7F4A6DC5D436A84CB28181DE8777A0CE7E4F164725FA59D9A09199B19EDFCAB7
63BC6280B10AC453941ADC14AFB09F6ACB6D0DFA54AB23F5C66924343FCCE294
B124738A41618D2724034DF33078AA4031AEC21E188FA77AB3A6DC34F32A0538
CF38E702981CC7C64F1140FA7A68F6B14615E45F3197E524290C3A75F9956BCA
1980C2AFCDD39AEEA17E53CEC5594EC22C8C1B39E7D715ABA76BFAB69EEAF697
F3C247236BF4AEA5368E37AEE7A2783BE2F6B915F5A59EA8897D0CD32445B015
D77305E0E3DFB9AFA11D76C8C99070C46477C575D39A68E5A90E57A0A053D471
5B5CC851EF4A05003853850000734B400E51C52D002F34A3A5002814B8A40253
803430171CD1400A3AD3B140C502979A433A8F00157BC96D9A428CFB76FA31CF
7AF448E3430F96D1A8F5040FCEBE77315CB56E77D39DA9A48F3EF8B977ADE8FA
0B0B65F3AC1B20B6795EF823D2BE72BDD5ACE6625E450C0F39A747557475C257
47B7FC00F1469969A37F624F7B122C9219212C400AC7AAE7DFFA57B2E3270393
5CD8887BD739EA475287886ECE9FA3DC5C85DCEA9F229EE6BE68D6B4CF1E78EB
5F755D16E63B757F93391C64AEE191C123F435828EBCC7A181942117CFD4EBBC
3FF09DB4CB14B9D7AE02CE3930C782B8F7279FD0576D69E1AF0EDB69C2E20492
390282413FFD6ACA55E573ADC5497B860CF71612B3C0F1AAB8E0360D719E3CF0
641A8E9C64D3EE4FDA0F3B5B007B73EFF4AEAA5DCE4AD1709599E5FA4FC13F19
F88A49A3D322B27921E5FCEB9F2F827B1DBCFE5566E3F661F898C18A47A29E38
517BCFE7B6BB3DAC56860DDB7380F12FC35F1E782A63F6DD3E4B72092CD112C3
EBF7466A1D2FC49ABDA32C17E9E620E0B12377F2E286A355680A7CA6C2F882D2
75FF0059B18F6279A8E7BF423724AB9ACBD9B5B9AF32640DA932FF001F1DE953
546FEF134AC1A1326AB83CB607A66AF5BEABD016E3FCFB5271045E8F52420618
7E75645F21E8DCFBD219325E02B9DD9356A29C3275047A5315C49A257F996ACE
97AC6A3A6B830C8DB47F09E95B50ACE9B32AB495456675BA478E622025FA60FA
8AEAEC359D3AF1034372993D8D7B34EB2923C7AB879419FFD7DA71F2FBD475E8
9C486B3845DC6B97D7F5092594C519C01D48AE5C554E581DD83A7CD2B98670BC
13C0ED51317C81F8FD2BC3B9ECEC234AC990AD4E491987CFD3BD268B40186460
D3E497E4CE7F0A89148A3ABEA0B6562F704E02AE71EBD2BCBF59D76F2FAE99FC
D2AA3202F5FA5745185F56615A7CBA235FE1FD8BDCDFBDDCBCAC43827B9C8AEE
660C48D95155FBC6B457BA3ACE3653B8E4E6AF86C28C1C01D6B26CD1A2369403
8201A63DC003A8FA500224990CE476C5563780B9553D3BD3031D66BDBCD496CE
DD77BBB60647CA3DC9E807BD7701AD7C3DA4B05657BBE774DC6493D178EC0F4A
722E2AE786F8B2E1AE3512C5B23AFE7593B86CC10339CE6BD0A4AD147918977A
8C40B920D2AA9F7357730B1BBE07B73378B74A8D958A8B94761827E553B8FE8B
FAD7D05A66BF7B66EAB213227421AA3DBF2491D50C32A90D4ECF47D52DB528C1
89B0F8F993B8AD1C57AB4E6A6AE791569BA72B31714A2B4331D8C0CD2EEE7A50
028E4D28A0070A51CE78A0051E94A071400EC1A5C1A000034B8EF4803140A603
8014B8A062AD291EF480BDA0DE0B1D6ED2E246222571BF03271EDFCEBD4F518A
4BED38C9A75C086E0A7EE660A18AE71D8FD0715E06671B4EE7761ECED73CC7C4
1E35B6D56C6F3C2DE2263657C46D6D88763E738209C0E833C5789EA9F063C57A
85FCA7C38B1EA11B12F979428504F4C8158D09282BBD8F4AAC1537646649F0AB
E22E96AD1DC5A4B037611C8C73F438AC9D47C4DF1074394C1737FA8623FBBB97
81F8E2BA39A153446497512D7E3278CADA78BED331B954604248C4023D33B4D7
B8F84FF6918753B08AD7FE11B9DAF40D8113761B1803031CFAF5EF59D4C3DF62
66EFA1EA1E0C935BF135BFF6B6B9A5BE95039FDCDACA0AC847AB03D01EDFE717
3E20DFE9FA5E89B6478A39588D8838247E15E7CE8AF851AD2C43F6914B6478AE
B5AF59C71B3B92CC0646064FE5581AAF8B2E34FB2F364F9B767001E7F2FC6A28
39537CACF6B19186223CF1DCD8F057C42B9D2E17B84215DBD4673F5AE861F8E1
7E93049ECE12B9C138E3F0C0AEA94149DCF11D3FE6437C51F13F45F12E94DA7D
F451A06EDC903F335F33FC45D24595C3CF64CAD1CC72002095C7F2AD28C5D364
4D2B6870D1DACF2B1DA318E48C74AB8D69710C5E60DE1F1C1EF5D8CC932ABCFA
8444316623D0AFFF005AB43C3F3C17BA8A5B5F4ED046FF00F2D1403834469293
1BA8D23D120F8637D7B6E971A66A315C44CB9E996FD3FC2ABCDF0D7C5B01F916
093D0838FD306B77858B462B17AEA573E0CF174270D6408EE437FF005AA36F0E
78AE365C6973373F7948E3F3C566F07E669F5C889358F892C94BCFA65C841D48
4DDFCB3496FAD4D0B2C73A491B750245DA7F22338AC2A61A51368578C8DEB1D5
4CA063907D456AC3891327BF415CFCA6AA441710EDCE2A9996581F7248CA47BF
4AB84DC360945491FFD0DBE3D29A57BD7A27198FAF5DF9319556C1231C572534
85C13C919E6BC9C6CEEEC7B38385A172BB86C1C722A3C918073CD79D73BD21A7
3BB19A78C71436558AFA8DD47676AF3B9E00E4019359163AEA5E445D0951DB22
AB974B894B5B15FC44ED3684FD38AF378A2925B91144373B3600F7ADA8BB459C
D5D5E68F5CD06C934FD2E3850638C91EE40CD5C2DDC74AE693BBB9D695912C2D
85E6A39EE963E3AFF4A9B15729CB75F36EC532291E67EBF2F7A7600D52F05B40
230D82D85FE546896971741238537CB290A09E809F53D87BD56CAE25AB3AEB6D
3ED3C356D23ACFE6DECCBB649060617FBBC751CF7AE2BC4779757532430452CA
F236176A9209F7C0E07B9ACAF791D30DAE63EABE05D7B52D4D62D3B4F5444B78
C34B3C863477E7272475E9D38FEBAD65F09A2F2C36A7AE181B1CADB207C7E2C0
574FD62CAC8E178652937234ADFC17E0DD302FDA566BE39FF97871F37E0AA3F4
AB92E9BE05823529E1AD3091CE4C5927F3AC255A7266CA9422B623FF0084A34D
D3C186CAC6CE05CE408A055FE42ACDAF89ED351B88ADA28B73B9C16D8463F4FF
003F8D0932BDDE86C452CF6B22CD039575E462BBAF0A6BB1EAD0347210975160
4899F6CE47B57AD82A96D19E463E95D7323769C2BD53C81D8E29075A603875F4
A78A4C0514E14842E294034C62E29706900B8E681C53017B52800D20B0A05001
A06281C52E29001072A57B1AEDFC3BABB1D1244824C4B19C15C8E78F4EBD8FE9
5E3E651BA3D4C059E8CF2FF1F787F4DF1706B891552F9599525DA3CC42011C67
A753F99ACFF056A3F11FC02F225D5AB5FE9CCDFBB7604E467F8805F4C735E7E1
ECE0E123D3CC1479D34745ABFC546D46DBCAB88BECF2AAF200C0FD6B83F1178A
ECAF94DBDD430CAD21E5D864FE75AC28F29CAA6B62E785B48F083A096FAC2CE6
CF243AE45773A7EB5F0DFC2ED0EA365A65B457507CC0A2E08FA1EDF977A551CD
BB2292835A91EB9FB43690D6920D2EDDA298646F946EFC8600FE75E3579E2DF1
0F8CF5F598C92DEB64FAFCAB9FA7D05285169EA6718C6275FA0F87E49A16D4F5
46D90C40EC56E72DEE0F5E71591A6F86B53F1BF8ADB4DD1943A41F348EFC4510
EDB9BB671C0EA6A251527E87442B3A4B53B5BAF84BAD5BFEEE006555C0676E17
A7638E6B32FBE1B49689BEEEF937FF00CF38C83FA915C7ED5C247A118C3111D0
CAB3F87915CDC112C8E1477AE8B47F86DA04B2341790A4C58F5946E51FE7F1AE
E75BDDD0F1E549A9B8B317C53F07746D31E5BAB3BA568DB0760DB8538EDDEBCF
F5AF0CD840ADE5BEE651C035A53ACE489A94F97A9C4DFD9AC85A3D8AA07EB5CB
6B90C7684080B12472DF9574C1BB9848D0F0378E35AF0CDDA7D9AE19ED8614C0
70001EA0E33EBC57D33F0EBC7DA7789ED51772A5CF0194F5071D2BD5A72535E6
7056872BBA3B8088E33B54FE14791113FEAD7F2AAE5460DB1AF696F2021E1423
FC47E1BD47C237EEB34724F61C7973804ED18190DE9EB9E9FD60B6D6A2DBB958
118EA0E735E356A6E123DCA13538DD173FB4A1931F30ED4D91E19B2370CFB573
DAE6DB1FFFD1DCC5473B6D8C9AF41E88E48EACE335A98C974791C1C0F6ACB6CB
1F6F4AF02BBBC99F41463EEA20623208E466A36FAE7038AC0E8447E660FCDC7E
1528653939A4C661F89A4DD612266B90F0FDCFFA3BC6580239031DF8AE882BC0
C26ED3366CAF56E6D65B493009E07D38AC7F0769ED278A7730F96005C9F7C803
8FC7342F762C1C79E48F4694E000067DAA1C9CE5B02B94EA20B9B92300723155
1A4CFCCC72076A7702A3CCD23EC1D3D6B4E2FF0046B70EF8CE38A6F5D00C495D
EFB5045CFC81C7CBEA73FF00D6AF5FF0AE9B069FA522CB1A34F2283230E78201
DBF852A8F4B04116EE21D2D4966B5819B18E50138F4AA13DFE9B6CC4ADBC48C0
7F0A01FCAB0D11AA4CCAD4FC48A23DA985CFBD60DDEB7B9B6C7267E94926C0C2
B81AA5FDC37F6769F752BB7564859BF1CE3155A5F0FF008D2E130BA74708E47F
A4CE2338FC8D742E55B912BB5A11597876F6CDE4FEDB8216271B7CB98B019FC0
5743A4DCDAE9C863B6863841EA14633DF27D6B66F9B63149C77372DB548DC72C
09F4CD69E97706DB57B5D46D5F6B46E3CD407874EE2B4A32E59A33AF1E6833D6
1595BE68D83A1E430EE3D69E2BDF4EEAE7CE356761C05388E7814C42A8A76280
171C629C2900A052E31400B8A502800A50334085038A071CD0342F7A307340C7
52807AD201D190B206238079AB3A93DDE8B6CDAAE9B3A9571B648F7EDC03D7A7
38E7F4AF371C8F4702F74620D366D466FED1B0B82A5C82C17183EF5EBFA05FF9
9A74767A844B80814861B948F715E34DDB43D3AD073A77EC71BF123E10E95E20
B49AE74471A7DF852C8800F29DBDC9E57393CD7CADE2CD1757D1B566B49A272E
84E300E0FE38F6AE9A1579B4670C5F53474A6BD5B41B95D4E2B2758FB5C92956
77C7A1AD9EE6B16635DD9DD345855249AEB7C07753785AF61B9B28955F00483A
64672453766AC533B7D475E93C6BAED8F85F40BAFB1DCDEB88C3F9676213DC9E
7D0F5EB8AFA27C1BA5681E04F0947A6DAC96FBE35DF71229532DC4879ACDDC9E
719F4AE4A9EE46C8CEADEA348AF1F8B86AC8F05940579C3330208AC3D7F4A0A4
EA334ACE70320F418AE49C2C8ECC2FEEDE870FE21F12DA58C44C2C3CD507815C
6DD78D2EE4666864287D456D868DD598F1FA3E68843E2BBABC431CB23306E186
6B91F1348F04AD2C8D846E4575C616679D29F32380D5751F3588B7F938F4EB5C
ECF8914EEE73EB5D4A3CA677BAB18F3A1494AAFE15A3E1DD56F749BE8AE6D267
8D81C647A71915D14A56D4CA71BAB1F44FC2EF89E2FDA2D3F5670B23708C4F51
C73FA8E2BD8A375750C841046722BB56AAE8E0947965663B1934A476A6220BCB
3B7BC84C5711248A4630C335E19F19BE1CCDA791AD7872D8F9010F9F6E838073
F7801F8F6EF5C988A57474E1EAB848F214D62EE0CEF2D91C1560411F811C5686
99E22DEEA1D8EEDD82B9C7F4FEBFFD7F31D33D88CEE8FFD2DD02AA6A6FE5DB31
079ED5DF51FBA72D35792381BA90B4B93CD559253923DBD2BE7AA7C4CFA2A6B4
207C907B7E351E09EE6B33642367078CE3DE903638A4D03313C48C5ADCF38FFF
0058AE12CE616DA891D5738201EBD2BA697C272D5D2572D5BDC4316A91B4B218
E3DC0B3019207A8AEC3C1FE4CD757D7D02B08650228F3C0E0839A557446945A6
EC742C485C93546E2525B68E4D72A3A0A723007731E7BD52B8B82C36A8C66AD2
06CB1A4C04BEF6C75EF4CD6AF47DC4381D07BD52D592DD91AFF0FB47925B95D4
2653E4C4DB86E1FEB1876FA77CD7A0493B1E3381DFBD6137A9AC762393CB0848
704FD6B0EFADE391F6EE2C49C9EF5932D303A2E9D2C45AEC6077AB1671F8634F
50F069B0CB229CF99282E47E7C7E9DE9A93D81B0BCF15AC70908C111070B9C28
FD2B8FD57C5E1E52236FBBEFC7E75A2839912928EE649D626BC3B6146998F014
027FA5645C5FDC4570C26478D8750463FA575D2A6D1C952A5F625B7D564520EE
ADCD33C4522E32E463DF15AB810AA1E97E07F1B468C96D74FBA33C673D2BD3ED
A68EE22596270E8C3208AF4B0D52EACCF2F174F965744C339A75759C6385281C
D003A945201714A07345C0500D3B9A400052814C05C714628014503D6818BCF7
A28017B561F89AE2F045E4891BC961C8AE5C4C2F13A70B2B4C8BE1BEA173A6EB
B65A7C7134F04B290B12824F39638007AD7B9DF4091462509B463A11835F3F89
8D9A67B119DA5CA62BEBB2E9CEB011BD2438FA53B5AF00F877C470A5D5D40C93
3AE43AF6A852E4F7918D6F72E8E275AF837756DF36897515DAF3F24F846FF0EB
5C3EABF0CF5D9A628DA63249D3A57446B27A9309268E2B57F08EA7A7EA62D66B
7959F7600894BFEA07B56FE9BE09B89177DFE2DE3C76FBD5B7324AE69612FA5D
13C22C1F4948D2F54E7CC400367D723F1AA5A1789F5EBED796FEF6FA6962C805
5C8C6DF4271D29463CFAB149F2E88F62FED2D2F46B58B5586E15D6400CA99E7A
75201FAD73BE24F1ACFAB2B5B591FDD37071E95CFC9CCCB53B23CCF5AB29A199
8C9233EF24824E7A9AC8781626DCEE114F73D2AA1EEC8D27FBCA465DEEB56F61
29F24872786AA9A86A0753B7DB73236319519F7AEC4ADA9E6F91C4DF48E93141
C60E318CD5454248E991EB5ABD423A3255D16E6FE31F668598AFF1638AD2B1F0
D25AA2CB7583275C7A517B2216ACB0A8904DBD0EDD8430DA71C839AF69F863F1
003AC3A76A33A918C2BB1C1AEEA13E8CC2BC2EAE7AEC722C881D086523208A93
19AE938DA169934692A94750CA7A8229495C13B1E77E35F845E1AF10C925CAC1
F64BA7FF0096B07C8C4FBE3AFE39AF17F1BFC1BF11787A0FB6D8C8351B65CB38
C059107638E8C3D71CF7C6326B96A4343B69623A33FFD3DD1E878ACAF124856C
DB1E98AEDABF0B39E82BCD1C4BAA8EA7AD579303B7D6BE7A5B9F431B90330E9E
FCD44EE4A908307D69335440C2424FCD8F5CD09853F3739A43B6A63F8A582D91
C715E71239F37783CE6BAE8FC270E27E21D33BCEC8A065C90A075CF4C57AC681
669A769105BAE785DC7EA7AD65887A246986DDB16E663290AA303D6ABCAEAAB8
18C8AC123ACCFB9959CFCB9F4E2A3B7889900C7E9CF6AA4D10D9AC229FC8D96F
03BBB7030A4D58D33C1D7B7374B2EA27C984107E56CB1FA823E950E6A25F2F31
DDC4B1DB5BC76F0A2A451A8550A30060552B9BC1CA21E475AE7948D4CB926977
30DD8A85A768019189C524AEC68C1D4BC412C8FB4E1516B12FBC51214288338E
E067FA5744295CCA751239DBDD42EEE3F81DBBF23FFAD55121BC94E4E50576C2
318A3826E73674DE1A91EC53E4936B0E4F3F4AA7E2AD41751D63ED0096222446
3EB818FF00EB7E14E0EF20ABA44CB0E73EB5324AC0E456D639EED17ECAFE6818
3063F5AF4FF86FF10E4D3E45B4BF7325A9383924915A52972B1D45CF0B1EE163
776F7B6C9756B28921719561FE7AD591EB5E8A77573CA6ACEC3B07AD2D508728
A701C9A5700A71A005038A5C5000297BD200EFC528C9AE02E314B8A00314A077
A40001AAF7F6AB7301461CF6A99ABA2A12B4AE76BF0BB4FD0A1883A4317F6846
49DEDF7BA62BBBB889668CA38E0D7CBE2EFCF667A5CFEF291C0DFE9D327888C5
70BFBBC82093FC3D057776317936891E49C0E3DAB1BFBB63AF16D349AEA4C485
0589000EE688DD6543B183A9EBB4E454A4CE149F432F57B5D2D2DDDE5B6B7122
F20EC01B3F5EB5F3EFC4DD7DEDEE5E14CA9390315D345B933AA0DA8EA798ADB3
DECFF6899B773939A92F3568AC62C4414103AD77F90995FC3FE229F50BA3A7DC
4C4C4FD371E3E95D96849F6366864C04CE55C9ED50E3633E620F14EA76096CC9
18124ABCA923A5793EB9AB5DDE7991B9D880E3159CA16D4E9A12DE2736D78ABF
272CD9E7DFF4A974DB87F37CA20ED1C8FF000AEC8EA8E2A8B964D1B927866FF5
0DB710DBE14F566C8AD7D2BC1904044B78FB88E48ED54A56464DBB9ACAD6B68B
E5DB4601E9C0AE7B5D49CCBB9542A373592F334397D52E22B543B9F703D31EBF
E4D63A7887CA011376C07E5C1DA463E95A26D3BA0B2D99EDDF00BE2935FEA31F
873599024CE0F91293C3E00E7DBAF4AFA010E5463A1AF4D6B14CF2EA2E595875
006682741714D95164468DC02AC30C3D6A5A4D0EE7FFD4DFFC2B13C4E09B56AE
CADF0330C3FF00111C5B8E72C475AAD236E18078AF9E96E7D14489C0C9A64847
61CD49642DFEDB051D6AB5CDE59DB82CF2676F2719345C77B1C678875A179218
A1E221D31C57352A80D9F4ED5D94D72AB1E7D677668F84628E6F10DA2CA47961
C1638CD7A64D219B0918F945635FE23A70ABDD217210E0609AA92248EC40049F
615923A1AB962CF43BFB8DBB616C7F79863FA5753A3785E185564BA6DE7A95ED
5139D96838C0DB58A0B750228D171E829924E01E5BF0AE76CD52B14A7BA573B5
4D66DD4C23388D724F53480CEB9BAF2979386F5ACEBBD41E65F2402463A8EF5A
25A88C99ADE2C9F33F114E8C693191BE046207394FFEB56977D08695F523D435
3D3D54C71430E08C1217FF00AD58536A20B11850A7BE315BD38366152A244626
BB991CC11B1046381C9ACEDDF373D475AEB82B1C551B63C118EB4E07A633C56A
6248ADF9D5B826287AE3148A4CF48F861E3E9F42BA8ED2F19A5B17601D49E573
DC7D2BE82B1B982F6D63BAB4956582419461FC8FA1AEEA33BA38ABC2CEE591D6
940ADCE61403D69C38A007014EE94861CD38530014B40063BD281400638E94A0
502B8B8A3B50C628A5ED4988E23C61AC6ABE19D76DF57D2E668DD1C3100F0FC6
307AFAD779F0F7E3558DEDAF97E248A4B793F8658D7703F51DBEB9AF27198755
354775295E3A9DCDCF8FFC32B10923BA338EA36AF15E73E2CF8C96915E343692
3AA8C60918E7BD790A9494ACCF42951BC6ECE6EF3E355F4F6ED6E2466523072C
6A7D13C6D7F75A6AB5A5D942472B9AD953B0F96DB1761F13EAB2C061BB919B77
7CD71BE30B76D4E779CF21393F4AD29C3965714A5CD1B1C3EA3A81B526189B81
D48AE3B57B879DCEF385E78AEB48C5B1DA6CC968AB3C876EC1915D1DD78AE5D6
B4E56B67286238E3B7AF5AA71BA33EA10DD2CF1860771C735CDEBB617534F9B7
8A4756E3E515135A1A53972C82C7C197534892CDF22679AEBF4BF0B69F64F1DC
796AF2A1C82CA33453A9EE8B131B4AE76B677DA7C56BE4E11811C281DEB92D72
49926219B6276038CD09EA73BD8C47BA8A05040E95CAF89FC44AB0945C16CE02
8A7D4ABAE53CFAFAFA6BA93323647D2AB06C1CF7AD5213772E595ECD6B3C3716
CFE54B13A48ADEE083CE3E95F6BFC1FF0019DB78D7C2705EA6C4BA85156E230D
9DA703BF7F4AEFA2EF0B1C3885AA676A051D0F4AB31F314D53D69EE22D2AE64B
440F70B1931A938CB76A9968B4067FFFD5E8074AC3F13B05B339EF5D75BE0661
87FE22386B97C1201C9CD40C0FA81F5AF025B9F4515A19DA86A96964999E421B
1D073C5737A978BD4165B78F38EEDFFEAA71A6E412AB18A39FBDF105EDC12DE6
15EDC63FC2B327BA9676CBB927D6BA234D238E755C8881E772F5A0867006C61F
8569B19ABB468F85A29FFB6ADF114846EC1214D7AA41613BA05488E4FAD72622
4B98EEC326A25FB5F0ECF30CCC760F507FFAD5B763A259DA2AB18C48EA73B980
26B9253EC75A897A49225C0000C554B8BE5046D35939148C9BAD407243FE38AA
735EBED187A5B8377225B90A72DC8EBD6A85DEA32348046005FAFF00F5AA9264
B28CA5E69374CC48FA74A6E6CE0463E62A9F61835A750BE872FA84CEF3B3A316
39E0D45069DAA5C82D147BB9EA6BAA3CB157672C94A6F4127F0E6BFF0079ADF6
8F6FFF0055410F87EED6506EC18F9EFF00FEAAD5578DB431787937766BF9D069
364E524DF32E0A7D723BF6FAD731BCB3963D49CD6B45B6AECCABD9592141A786
CF7AD4C11206E460D4AADDFA8A632C452608238AF4FF0084FE3E9B44BA5B2BD6
3258C870C09FBBD391EF5AD29D9D89A91E689F415ADC43736D1DCDBC8B243228
6561DC7F8D4F5DCB53CD7A0A01A75310EC66940A063852E2810014A3AE6818B4
014085C518EF400E1401400A060D2E290185E2CD0A5D6ED920850BBFA0EB5E69
E23B16D177DB5C44D0C8001B5860FB57255B2763A68B32748D5E5B7428EC7672
6B2B5BB88A6BCDE0FDE3DBDEB82A4353D2A52685B2D36F7519A2B5D32092EAE6
56DB1C51824B1C71F4FA9AF7CF027C09D4ED6D639B59F103DBCAE033C56CA182
E4741B873F8D73CA4A96E6956B2E5B1EA89E13D034AF0E9B478958A21FF4897E
FB363A9ED5F3E78E2EADECEEA5B2B47566724123B0A8A73729184363CCF5EB43
02B4C724B76F7AE12EAF112562C4920F0315DE88B946F6F5E5CE5B8FE552F85F
50686F8DB0CED95B9CD68969625B3D2FC31E1CBA6BB549008ADE5E55B3FA7B57
A247E1FB382CCC6117763838AC66FA0D6F739CD46516CED19E7EB584F7772EE5
1F11A1EF9CFF004AE7A7A4AC75575CF4D488EC6EC5BDCE5D8B063C0EF9A5F125
C09AD0DCBBAA05E700F415D0FB9C1E479AF883C40880C500DEE460923A7E35CA
0492E58B48C493CD34BA825A5888DAE0703AFE94A2DB23A73D39AAB86C3BEC87
1950DF95753F0CFC65A8F81B5CFB7D9977B79768B9801E1F18008C9C02067EB5
D386A9695998D68F344FB1FC11E27D33C59A141AB69732C91C880B283CA93EDD
6B747BD763567638476075A31EBD2A1F61A67FFFD6E84F4EF5CDF8BDCADA9E7B
8FE95D75FE066385FE22387C866DC4673DEAAEA2E4C3B558A93C0C77AF9F7B9F
429687232D8697F682F33B4F3BFF000AA6E6FD067BD59B0D1E2D427105A6973B
BE7007D9D811D79E471D0F34E537157E811A7193B1D143F08356BC8C3FD92387
39CE4E08F7FBB4F6F8292C6E1A4BC65F5518C1FAF15CFF005FE88DDE5F7D58E4
F84B6309CCD7529FA6DFF0ABB6FE00D0A03FF1ED1BFAEE51CD0F11396A3FABC2
06D59681A65A8FDDDAC487D9455F0218F85007D0564E57DC714911CD76A836F4
